\BOOKMARK [1][-]{Doc-Start}{\376\377\142\245\124\112\144\260\121\231\213\364\146\016}{}% 1
\BOOKMARK [1][-]{section.1}{\376\377\225\356\230\230\143\317\217\360}{}% 2
\BOOKMARK [1][-]{section.2}{\376\377\164\006\213\272\152\041\127\213}{}% 3
\BOOKMARK [2][-]{subsection.2.1}{\376\377\123\237\164\006\122\006\147\220\116\016\213\276\213\241\140\035\215\357}{section.2}% 4
\BOOKMARK [3][-]{subsubsection.2.1.1}{\376\377\120\205\221\314\123\366\123\330\143\142\127\372\170\100}{subsection.2.1}% 5
\BOOKMARK [3][-]{subsubsection.2.1.2}{\376\377\123\167\171\357\133\232\164\006}{subsection.2.1}% 6
\BOOKMARK [3][-]{subsubsection.2.1.3}{\376\377\155\367\124\010\126\376\120\317\123\237\164\006}{subsection.2.1}% 7
\BOOKMARK [2][-]{subsection.2.2}{\376\377\145\160\133\146\152\041\127\213}{section.2}% 8
\BOOKMARK [3][-]{subsubsection.2.2.1}{\376\377\230\221\127\337\156\344\154\342\126\150\152\041\127\213}{subsection.2.2}% 9
\BOOKMARK [3][-]{subsubsection.2.2.2}{\376\377\172\172\127\337\156\344\154\342\126\150\152\041\127\213}{subsection.2.2}% 10
\BOOKMARK [1][-]{section.3}{\376\377\172\013\136\217\213\276\213\241}{}% 11
\BOOKMARK [2][-]{subsection.3.1}{\376\377\177\026\172\013\140\035\215\357}{section.3}% 12
\BOOKMARK [2][-]{subsection.3.2}{\376\377\116\073\211\201\155\101\172\013\126\376\123\312\213\364\146\016}{section.3}% 13
\BOOKMARK [3][-]{subsubsection.3.2.1}{\376\377\230\221\127\337\156\344\154\342\220\032\165\050\155\101\172\013}{subsection.3.2}% 14
\BOOKMARK [3][-]{subsubsection.3.2.2}{\376\377\172\172\127\337\123\167\171\357\155\101\172\013\377\010\232\330\145\257\156\344\154\342\377\011}{subsection.3.2}% 15
\BOOKMARK [3][-]{subsubsection.3.2.3}{\376\377\000S\000o\000b\000e\000l\217\271\177\030\155\367\124\010\155\101\172\013}{subsection.3.2}% 16
\BOOKMARK [2][-]{subsection.3.3}{\376\377\176\323\147\234\122\006\147\220}{section.3}% 17
\BOOKMARK [3][-]{subsubsection.3.3.1}{\376\377\116\015\124\014\156\344\154\342\126\150\145\110\147\234\133\371\153\324}{subsection.3.3}% 18
\BOOKMARK [3][-]{subsubsection.3.3.2}{\376\377\142\052\153\142\230\221\163\207\123\302\145\160\122\006\147\220}{subsection.3.3}% 19
\BOOKMARK [3][-]{subsubsection.3.3.3}{\376\377\232\330\145\257\150\070\123\302\145\160\122\006\147\220}{subsection.3.3}% 20
\BOOKMARK [3][-]{subsubsection.3.3.4}{\376\377\230\221\163\207\124\315\136\224\162\171\140\047\122\006\147\220}{subsection.3.3}% 21
\BOOKMARK [3][-]{subsubsection.3.3.5}{\376\377\213\357\135\356\122\006\147\220}{subsection.3.3}% 22
\BOOKMARK [2][-]{subsection.3.4}{\376\377\133\371\147\052\147\145\133\146\116\140\124\214\135\345\117\134\166\204\124\057\171\072}{section.3}% 23
\BOOKMARK [3][-]{subsubsection.3.4.1}{\376\377\164\006\213\272\116\016\133\236\215\365\176\323\124\010}{subsection.3.4}% 24
\BOOKMARK [3][-]{subsubsection.3.4.2}{\376\377\173\227\154\325\213\276\213\241\140\035\140\363}{subsection.3.4}% 25
\BOOKMARK [3][-]{subsubsection.3.4.3}{\376\377\135\345\172\013\133\236\215\365\200\375\122\233}{subsection.3.4}% 26
\BOOKMARK [3][-]{subsubsection.3.4.4}{\376\377\171\321\133\146\170\024\172\166\145\271\154\325}{subsection.3.4}% 27
\BOOKMARK [3][-]{subsubsection.3.4.5}{\376\377\215\350\133\146\171\321\167\345\213\306\145\164\124\010}{subsection.3.4}% 28
\BOOKMARK [3][-]{subsubsection.3.4.6}{\376\377\147\052\147\145\135\345\117\134\145\271\124\021}{subsection.3.4}% 29
